2021-11-16 07:35:45.559 INFO  org.hibernate.validator.internal.util.Version     :21   [32m        [0;39m HV000001: Hibernate Validator 6.1.6.Final
2021-11-16 07:35:45.604 INFO  o.s.b.d.env.DevToolsPropertyDefaultsPostProcessor :225  [32m        [0;39m Devtools property defaults active! Set 'spring.devtools.add-properties' to 'false' to disable
2021-11-16 07:35:46.656 INFO  club.kwcoder.gateway.GatewayApplication           :651  [32m        [0;39m No active profile set, falling back to default profiles: default
2021-11-16 07:35:47.307 INFO  o.springframework.cloud.context.scope.GenericScope:295  [32m        [0;39m BeanFactory id=0737f678-4fe1-3714-9bba-1eaed2702db3
2021-11-16 07:35:47.367 INFO  o.s.c.s.PostProcessorRegistrationDelegate$BeanPostProcessorChecker:335  [32m        [0;39m Bean 'org.springframework.cloud.client.loadbalancer.reactive.LoadBalancerBeanPostProcessorAutoConfiguration' of type [org.springframework.cloud.client.loadbalancer.reactive.LoadBalancerBeanPostProcessorAutoConfiguration] is not eligible for getting processed by all BeanPostProcessors (for example: not eligible for auto-proxying)
2021-11-16 07:35:47.369 INFO  o.s.c.s.PostProcessorRegistrationDelegate$BeanPostProcessorChecker:335  [32m        [0;39m Bean 'org.springframework.cloud.client.loadbalancer.reactive.LoadBalancerBeanPostProcessorAutoConfiguration$ReactiveLoadBalancerConfig' of type [org.springframework.cloud.client.loadbalancer.reactive.LoadBalancerBeanPostProcessorAutoConfiguration$ReactiveLoadBalancerConfig] is not eligible for getting processed by all BeanPostProcessors (for example: not eligible for auto-proxying)
2021-11-16 07:35:47.371 INFO  o.s.c.s.PostProcessorRegistrationDelegate$BeanPostProcessorChecker:335  [32m        [0;39m Bean 'deferringLoadBalancerExchangeFilterFunction' of type [org.springframework.cloud.client.loadbalancer.reactive.DeferringLoadBalancerExchangeFilterFunction] is not eligible for getting processed by all BeanPostProcessors (for example: not eligible for auto-proxying)
2021-11-16 07:35:47.488 WARN  com.netflix.config.sources.URLConfigurationSource :121  [32m        [0;39m No URLs will be polled as dynamic configuration sources.
2021-11-16 07:35:47.489 INFO  com.netflix.config.sources.URLConfigurationSource :122  [32m        [0;39m To enable URLs as dynamic configuration sources, define System property archaius.configurationSource.additionalUrls or make config.properties available on classpath.
2021-11-16 07:35:47.496 WARN  com.netflix.config.sources.URLConfigurationSource :121  [32m        [0;39m No URLs will be polled as dynamic configuration sources.
2021-11-16 07:35:47.496 INFO  com.netflix.config.sources.URLConfigurationSource :122  [32m        [0;39m To enable URLs as dynamic configuration sources, define System property archaius.configurationSource.additionalUrls or make config.properties available on classpath.
2021-11-16 07:35:47.568 INFO  o.s.c.n.e.c.DiscoveryClientOptionalArgsConfiguration:78   [32m        [0;39m Eureka HTTP Client uses Jersey
2021-11-16 07:35:50.065 INFO  o.s.c.gateway.route.RouteDefinitionRouteLocator   :139  [32m        [0;39m Loaded RoutePredicateFactory [After]
2021-11-16 07:35:50.066 INFO  o.s.c.gateway.route.RouteDefinitionRouteLocator   :139  [32m        [0;39m Loaded RoutePredicateFactory [Before]
2021-11-16 07:35:50.066 INFO  o.s.c.gateway.route.RouteDefinitionRouteLocator   :139  [32m        [0;39m Loaded RoutePredicateFactory [Between]
2021-11-16 07:35:50.066 INFO  o.s.c.gateway.route.RouteDefinitionRouteLocator   :139  [32m        [0;39m Loaded RoutePredicateFactory [Cookie]
2021-11-16 07:35:50.067 INFO  o.s.c.gateway.route.RouteDefinitionRouteLocator   :139  [32m        [0;39m Loaded RoutePredicateFactory [Header]
2021-11-16 07:35:50.067 INFO  o.s.c.gateway.route.RouteDefinitionRouteLocator   :139  [32m        [0;39m Loaded RoutePredicateFactory [Host]
2021-11-16 07:35:50.067 INFO  o.s.c.gateway.route.RouteDefinitionRouteLocator   :139  [32m        [0;39m Loaded RoutePredicateFactory [Method]
2021-11-16 07:35:50.067 INFO  o.s.c.gateway.route.RouteDefinitionRouteLocator   :139  [32m        [0;39m Loaded RoutePredicateFactory [Path]
2021-11-16 07:35:50.068 INFO  o.s.c.gateway.route.RouteDefinitionRouteLocator   :139  [32m        [0;39m Loaded RoutePredicateFactory [Query]
2021-11-16 07:35:50.068 INFO  o.s.c.gateway.route.RouteDefinitionRouteLocator   :139  [32m        [0;39m Loaded RoutePredicateFactory [ReadBody]
2021-11-16 07:35:50.068 INFO  o.s.c.gateway.route.RouteDefinitionRouteLocator   :139  [32m        [0;39m Loaded RoutePredicateFactory [RemoteAddr]
2021-11-16 07:35:50.068 INFO  o.s.c.gateway.route.RouteDefinitionRouteLocator   :139  [32m        [0;39m Loaded RoutePredicateFactory [Weight]
2021-11-16 07:35:50.068 INFO  o.s.c.gateway.route.RouteDefinitionRouteLocator   :139  [32m        [0;39m Loaded RoutePredicateFactory [CloudFoundryRouteService]
2021-11-16 07:35:50.372 WARN  o.s.b.d.autoconfigure.OptionalLiveReloadServer    :61   [32m        [0;39m Unable to start LiveReload server
2021-11-16 07:35:52.050 WARN  o.s.c.l.c.BlockingLoadBalancerClientAutoConfiguration$BlockingLoadBalancerClientRibbonWarnLogger:108  [32m        [0;39m You already have RibbonLoadBalancerClient on your classpath. It will be used by default. As Spring Cloud Ribbon is in maintenance mode. We recommend switching to BlockingLoadBalancerClient instead. In order to use it, set the value of `spring.cloud.loadbalancer.ribbon.enabled` to `false` or remove spring-cloud-starter-netflix-ribbon from your project.
2021-11-16 07:35:52.062 WARN  o.s.c.c.l.r.ReactorLoadBalancerClientAutoConfiguration$ReactorLoadBalancerClientRibbonWarnLogger:77   [32m        [0;39m You have RibbonLoadBalancerClient on your classpath. LoadBalancerExchangeFilterFunction that uses it under the hood will be used by default. Spring Cloud Ribbon is now in maintenance mode, so we suggest switching to ReactorLoadBalancerExchangeFilterFunction instead. In order to use it, set the value of `spring.cloud.loadbalancer.ribbon.enabled` to `false` or remove spring-cloud-starter-netflix-ribbon from your project.
2021-11-16 07:35:52.147 INFO  o.s.cloud.netflix.eureka.InstanceInfoFactory      :72   [32m        [0;39m Setting initial instance status as: STARTING
2021-11-16 07:35:52.177 INFO  com.netflix.discovery.DiscoveryClient             :372  [32m        [0;39m Initializing Eureka in region us-east-1
2021-11-16 07:35:52.783 INFO  c.n.discovery.provider.DiscoveryJerseyProvider    :70   [32m        [0;39m Using JSON encoding codec LegacyJacksonJson
2021-11-16 07:35:52.783 INFO  c.n.discovery.provider.DiscoveryJerseyProvider    :71   [32m        [0;39m Using JSON decoding codec LegacyJacksonJson
2021-11-16 07:35:52.879 INFO  c.n.discovery.provider.DiscoveryJerseyProvider    :80   [32m        [0;39m Using XML encoding codec XStreamXml
2021-11-16 07:35:52.879 INFO  c.n.discovery.provider.DiscoveryJerseyProvider    :81   [32m        [0;39m Using XML decoding codec XStreamXml
2021-11-16 07:35:53.017 INFO  c.n.d.shared.resolver.aws.ConfigClusterResolver   :43   [32m        [0;39m Resolving eureka endpoints via configuration
2021-11-16 07:35:53.457 INFO  com.netflix.discovery.DiscoveryClient             :1007 [32m        [0;39m Disable delta property : false
2021-11-16 07:35:53.457 INFO  com.netflix.discovery.DiscoveryClient             :1008 [32m        [0;39m Single vip registry refresh property : null
2021-11-16 07:35:53.457 INFO  com.netflix.discovery.DiscoveryClient             :1009 [32m        [0;39m Force full registry fetch : false
2021-11-16 07:35:53.457 INFO  com.netflix.discovery.DiscoveryClient             :1010 [32m        [0;39m Application is null : false
2021-11-16 07:35:53.457 INFO  com.netflix.discovery.DiscoveryClient             :1011 [32m        [0;39m Registered Applications size is zero : true
2021-11-16 07:35:53.458 INFO  com.netflix.discovery.DiscoveryClient             :1013 [32m        [0;39m Application version is -1: true
2021-11-16 07:35:53.458 INFO  com.netflix.discovery.DiscoveryClient             :1097 [32m        [0;39m Getting all instance registry info from the eureka server
2021-11-16 07:35:53.603 INFO  com.netflix.discovery.DiscoveryClient             :1106 [32m        [0;39m The response status is 200
2021-11-16 07:35:53.605 INFO  com.netflix.discovery.DiscoveryClient             :1321 [32m        [0;39m Starting heartbeat executor: renew interval is: 30
2021-11-16 07:35:53.607 INFO  com.netflix.discovery.InstanceInfoReplicator      :60   [32m        [0;39m InstanceInfoReplicator onDemand update allowed rate per min is 4
2021-11-16 07:35:53.611 INFO  com.netflix.discovery.DiscoveryClient             :492  [32m        [0;39m Discovery Client initialized at timestamp 1637019353609 with initial instances count: 0
2021-11-16 07:35:53.612 INFO  o.s.c.n.e.serviceregistry.EurekaServiceRegistry   :41   [32m        [0;39m Registering application GATEWAY with eureka with status UP
2021-11-16 07:35:53.613 INFO  com.netflix.discovery.DiscoveryClient             :1355 [32m        [0;39m Saw local status change event StatusChangeEvent [timestamp=1637019353613, current=UP, previous=STARTING]
2021-11-16 07:35:53.615 INFO  com.netflix.discovery.DiscoveryClient             :873  [32m        [0;39m DiscoveryClient_GATEWAY/DESKTOP-IIUD3CS:gateway:9000: registering service...
2021-11-16 07:35:53.740 INFO  com.netflix.discovery.DiscoveryClient             :882  [32m        [0;39m DiscoveryClient_GATEWAY/DESKTOP-IIUD3CS:gateway:9000 - registration status: 204
2021-11-16 07:35:54.308 INFO  o.s.boot.web.embedded.netty.NettyWebServer        :109  [32m        [0;39m Netty started on port(s): 9000
2021-11-16 07:35:54.309 INFO  o.s.c.n.e.s.EurekaAutoServiceRegistration         :145  [32m        [0;39m Updating port to 9000
2021-11-16 07:35:55.805 INFO  club.kwcoder.gateway.GatewayApplication           :61   [32m        [0;39m Started GatewayApplication in 11.431 seconds (JVM running for 13.622)
2021-11-16 07:36:23.606 INFO  com.netflix.discovery.DiscoveryClient             :1007 [32m        [0;39m Disable delta property : false
2021-11-16 07:36:23.606 INFO  com.netflix.discovery.DiscoveryClient             :1008 [32m        [0;39m Single vip registry refresh property : null
2021-11-16 07:36:23.606 INFO  com.netflix.discovery.DiscoveryClient             :1009 [32m        [0;39m Force full registry fetch : false
2021-11-16 07:36:23.606 INFO  com.netflix.discovery.DiscoveryClient             :1010 [32m        [0;39m Application is null : false
2021-11-16 07:36:23.607 INFO  com.netflix.discovery.DiscoveryClient             :1011 [32m        [0;39m Registered Applications size is zero : true
2021-11-16 07:36:23.607 INFO  com.netflix.discovery.DiscoveryClient             :1013 [32m        [0;39m Application version is -1: false
2021-11-16 07:36:23.607 INFO  com.netflix.discovery.DiscoveryClient             :1097 [32m        [0;39m Getting all instance registry info from the eureka server
2021-11-16 07:36:23.645 INFO  com.netflix.discovery.DiscoveryClient             :1106 [32m        [0;39m The response status is 200
2021-11-16 07:40:53.468 INFO  c.n.d.shared.resolver.aws.ConfigClusterResolver   :43   [32m        [0;39m Resolving eureka endpoints via configuration
2021-11-16 07:45:53.471 INFO  c.n.d.shared.resolver.aws.ConfigClusterResolver   :43   [32m        [0;39m Resolving eureka endpoints via configuration
2021-11-16 07:50:53.484 INFO  c.n.d.shared.resolver.aws.ConfigClusterResolver   :43   [32m        [0;39m Resolving eureka endpoints via configuration
2021-11-16 07:55:53.488 INFO  c.n.d.shared.resolver.aws.ConfigClusterResolver   :43   [32m        [0;39m Resolving eureka endpoints via configuration
2021-11-16 08:00:53.497 INFO  c.n.d.shared.resolver.aws.ConfigClusterResolver   :43   [32m        [0;39m Resolving eureka endpoints via configuration
2021-11-16 08:05:53.503 INFO  c.n.d.shared.resolver.aws.ConfigClusterResolver   :43   [32m        [0;39m Resolving eureka endpoints via configuration
2021-11-16 08:10:53.515 INFO  c.n.d.shared.resolver.aws.ConfigClusterResolver   :43   [32m        [0;39m Resolving eureka endpoints via configuration
2021-11-16 08:15:53.516 INFO  c.n.d.shared.resolver.aws.ConfigClusterResolver   :43   [32m        [0;39m Resolving eureka endpoints via configuration
2021-11-16 08:20:53.524 INFO  c.n.d.shared.resolver.aws.ConfigClusterResolver   :43   [32m        [0;39m Resolving eureka endpoints via configuration
