2021-12-25 10:31:35.288 INFO  org.hibernate.validator.internal.util.Version     :21   [32m        [0;39m HV000001: Hibernate Validator 6.1.6.Final
2021-12-25 10:31:35.379 INFO  o.s.b.d.env.DevToolsPropertyDefaultsPostProcessor :225  [32m        [0;39m Devtools property defaults active! Set 'spring.devtools.add-properties' to 'false' to disable
2021-12-25 10:31:37.115 INFO  club.kwcoder.EurekaApplication                    :651  [32m        [0;39m No active profile set, falling back to default profiles: default
2021-12-25 10:31:38.184 WARN  o.springframework.boot.actuate.endpoint.EndpointId:155  [32m        [0;39m Endpoint ID 'service-registry' contains invalid characters, please migrate to a valid format.
2021-12-25 10:31:38.328 INFO  o.springframework.cloud.context.scope.GenericScope:295  [32m        [0;39m BeanFactory id=3f0f2c4d-72e4-3386-878b-a562a024fd22
2021-12-25 10:31:38.904 INFO  o.s.boot.web.embedded.tomcat.TomcatWebServer      :108  [32m        [0;39m Tomcat initialized with port(s): 8761 (http)
2021-12-25 10:31:38.913 INFO  org.apache.coyote.http11.Http11NioProtocol        :173  [32m        [0;39m Initializing ProtocolHandler ["http-nio-8761"]
2021-12-25 10:31:38.914 INFO  org.apache.catalina.core.StandardService          :173  [32m        [0;39m Starting service [Tomcat]
2021-12-25 10:31:38.915 INFO  org.apache.catalina.core.StandardEngine           :173  [32m        [0;39m Starting Servlet engine: [Apache Tomcat/9.0.41]
2021-12-25 10:31:39.050 INFO  o.a.c.core.ContainerBase.[Tomcat].[localhost].[/] :173  [32m        [0;39m Initializing Spring embedded WebApplicationContext
2021-12-25 10:31:39.051 INFO  o.s.b.w.s.c.ServletWebServerApplicationContext    :285  [32m        [0;39m Root WebApplicationContext: initialization completed in 1912 ms
2021-12-25 10:31:39.227 WARN  com.netflix.config.sources.URLConfigurationSource :121  [32m        [0;39m No URLs will be polled as dynamic configuration sources.
2021-12-25 10:31:39.227 INFO  com.netflix.config.sources.URLConfigurationSource :122  [32m        [0;39m To enable URLs as dynamic configuration sources, define System property archaius.configurationSource.additionalUrls or make config.properties available on classpath.
2021-12-25 10:31:39.237 INFO  com.netflix.config.DynamicPropertyFactory         :281  [32m        [0;39m DynamicPropertyFactory is initialized with configuration sources: com.netflix.config.ConcurrentCompositeConfiguration@27069ccb
2021-12-25 10:31:39.550 INFO  c.s.j.server.impl.application.WebApplicationImpl  :815  [32m        [0;39m Initiating Jersey application, version 'Jersey: 1.19.4 05/24/2017 03:20 PM'
2021-12-25 10:31:39.605 INFO  c.n.discovery.provider.DiscoveryJerseyProvider    :70   [32m        [0;39m Using JSON encoding codec LegacyJacksonJson
2021-12-25 10:31:39.606 INFO  c.n.discovery.provider.DiscoveryJerseyProvider    :71   [32m        [0;39m Using JSON decoding codec LegacyJacksonJson
2021-12-25 10:31:39.713 INFO  c.n.discovery.provider.DiscoveryJerseyProvider    :80   [32m        [0;39m Using XML encoding codec XStreamXml
2021-12-25 10:31:39.714 INFO  c.n.discovery.provider.DiscoveryJerseyProvider    :81   [32m        [0;39m Using XML decoding codec XStreamXml
2021-12-25 10:31:40.026 WARN  com.netflix.config.sources.URLConfigurationSource :121  [32m        [0;39m No URLs will be polled as dynamic configuration sources.
2021-12-25 10:31:40.027 INFO  com.netflix.config.sources.URLConfigurationSource :122  [32m        [0;39m To enable URLs as dynamic configuration sources, define System property archaius.configurationSource.additionalUrls or make config.properties available on classpath.
2021-12-25 10:31:40.151 INFO  o.s.scheduling.concurrent.ThreadPoolTaskExecutor  :181  [32m        [0;39m Initializing ExecutorService 'applicationTaskExecutor'
2021-12-25 10:31:41.326 INFO  o.s.b.d.autoconfigure.OptionalLiveReloadServer    :58   [32m        [0;39m LiveReload server is running on port 35729
2021-12-25 10:31:42.191 INFO  o.s.c.n.e.c.DiscoveryClientOptionalArgsConfiguration:78   [32m        [0;39m Eureka HTTP Client uses Jersey
2021-12-25 10:31:42.220 WARN  o.s.c.l.c.BlockingLoadBalancerClientAutoConfiguration$BlockingLoadBalancerClientRibbonWarnLogger:108  [32m        [0;39m You already have RibbonLoadBalancerClient on your classpath. It will be used by default. As Spring Cloud Ribbon is in maintenance mode. We recommend switching to BlockingLoadBalancerClient instead. In order to use it, set the value of `spring.cloud.loadbalancer.ribbon.enabled` to `false` or remove spring-cloud-starter-netflix-ribbon from your project.
2021-12-25 10:31:42.289 INFO  o.s.cloud.netflix.eureka.InstanceInfoFactory      :72   [32m        [0;39m Setting initial instance status as: STARTING
2021-12-25 10:31:42.326 INFO  com.netflix.discovery.DiscoveryClient             :372  [32m        [0;39m Initializing Eureka in region us-east-1
2021-12-25 10:31:42.326 INFO  com.netflix.discovery.DiscoveryClient             :375  [32m        [0;39m Client configured to neither register nor query for data.
2021-12-25 10:31:42.337 INFO  com.netflix.discovery.DiscoveryClient             :390  [32m        [0;39m Discovery Client initialized at timestamp 1640399502335 with initial instances count: 0
2021-12-25 10:31:42.382 INFO  com.netflix.eureka.DefaultEurekaServerContext     :66   [32m        [0;39m Initializing ...
2021-12-25 10:31:42.386 INFO  com.netflix.eureka.cluster.PeerEurekaNodes        :187  [32m        [0;39m Adding new peer nodes [http://localhost:8761/eureka/]
2021-12-25 10:31:43.170 INFO  c.n.discovery.provider.DiscoveryJerseyProvider    :70   [32m        [0;39m Using JSON encoding codec LegacyJacksonJson
2021-12-25 10:31:43.170 INFO  c.n.discovery.provider.DiscoveryJerseyProvider    :71   [32m        [0;39m Using JSON decoding codec LegacyJacksonJson
2021-12-25 10:31:43.171 INFO  c.n.discovery.provider.DiscoveryJerseyProvider    :80   [32m        [0;39m Using XML encoding codec XStreamXml
2021-12-25 10:31:43.171 INFO  c.n.discovery.provider.DiscoveryJerseyProvider    :81   [32m        [0;39m Using XML decoding codec XStreamXml
2021-12-25 10:31:43.288 INFO  com.netflix.eureka.cluster.PeerEurekaNodes        :109  [32m        [0;39m Replica node URL:  http://localhost:8761/eureka/
2021-12-25 10:31:43.299 INFO  c.netflix.eureka.registry.AbstractInstanceRegistry:153  [32m        [0;39m Finished initializing remote region registries. All known remote regions: []
2021-12-25 10:31:43.301 INFO  com.netflix.eureka.DefaultEurekaServerContext     :73   [32m        [0;39m Initialized
2021-12-25 10:31:43.315 INFO  o.s.b.actuate.endpoint.web.EndpointLinksResolver  :58   [32m        [0;39m Exposing 2 endpoint(s) beneath base path '/actuator'
2021-12-25 10:31:43.401 INFO  o.s.c.n.e.serviceregistry.EurekaServiceRegistry   :41   [32m        [0;39m Registering application EUREKA with eureka with status UP
2021-12-25 10:31:43.405 INFO  org.apache.coyote.http11.Http11NioProtocol        :173  [32m        [0;39m Starting ProtocolHandler ["http-nio-8761"]
2021-12-25 10:31:43.405 INFO  o.s.c.netflix.eureka.server.EurekaServerBootstrap :110  [32m        [0;39m Setting the eureka configuration..
2021-12-25 10:31:43.406 INFO  o.s.c.netflix.eureka.server.EurekaServerBootstrap :115  [32m        [0;39m Eureka data center value eureka.datacenter is not set, defaulting to default
2021-12-25 10:31:43.407 INFO  o.s.c.netflix.eureka.server.EurekaServerBootstrap :129  [32m        [0;39m Eureka environment value eureka.environment is not set, defaulting to test
2021-12-25 10:31:43.423 INFO  o.s.c.netflix.eureka.server.EurekaServerBootstrap :188  [32m        [0;39m isAws returned false
2021-12-25 10:31:43.424 INFO  o.s.c.netflix.eureka.server.EurekaServerBootstrap :153  [32m        [0;39m Initialized server context
2021-12-25 10:31:43.424 INFO  c.n.eureka.registry.PeerAwareInstanceRegistryImpl :244  [32m        [0;39m Got 1 instances from neighboring DS node
2021-12-25 10:31:43.424 INFO  c.n.eureka.registry.PeerAwareInstanceRegistryImpl :245  [32m        [0;39m Renew threshold is: 1
2021-12-25 10:31:43.425 INFO  c.n.eureka.registry.PeerAwareInstanceRegistryImpl :256  [32m        [0;39m Changing status to UP
2021-12-25 10:31:43.437 INFO  o.s.c.n.e.s.EurekaServerInitializerConfiguration  :72   [32m        [0;39m Started Eureka Server
2021-12-25 10:31:43.445 INFO  o.s.boot.web.embedded.tomcat.TomcatWebServer      :220  [32m        [0;39m Tomcat started on port(s): 8761 (http) with context path ''
2021-12-25 10:31:43.446 INFO  o.s.c.n.e.s.EurekaAutoServiceRegistration         :145  [32m        [0;39m Updating port to 8761
2021-12-25 10:31:44.249 INFO  club.kwcoder.EurekaApplication                    :61   [32m        [0;39m Started EurekaApplication in 10.61 seconds (JVM running for 13.242)
2021-12-25 10:31:44.257 INFO  club.kwcoder.EurekaApplication                    :22   [32m        [0;39m 启动成功！！！
2021-12-25 10:31:44.258 INFO  club.kwcoder.EurekaApplication                    :23   [32m        [0;39m Eureka地址：	http://127.0.0.1:8761
2021-12-25 10:31:46.228 INFO  o.a.c.core.ContainerBase.[Tomcat].[localhost].[/] :173  [32m        [0;39m Initializing Spring DispatcherServlet 'dispatcherServlet'
2021-12-25 10:31:46.228 INFO  org.springframework.web.servlet.DispatcherServlet :525  [32m        [0;39m Initializing Servlet 'dispatcherServlet'
2021-12-25 10:31:46.236 INFO  org.springframework.web.servlet.DispatcherServlet :547  [32m        [0;39m Completed initialization in 7 ms
2021-12-25 10:32:43.433 INFO  c.netflix.eureka.registry.AbstractInstanceRegistry:1247 [32m        [0;39m Running the evict task with compensationTime 0ms
2021-12-25 10:33:43.436 INFO  c.netflix.eureka.registry.AbstractInstanceRegistry:1247 [32m        [0;39m Running the evict task with compensationTime 3ms
2021-12-25 10:34:43.445 INFO  c.netflix.eureka.registry.AbstractInstanceRegistry:1247 [32m        [0;39m Running the evict task with compensationTime 9ms
2021-12-25 10:34:51.819 INFO  c.netflix.eureka.registry.AbstractInstanceRegistry:266  [32m        [0;39m Registered instance SYSTEM/DESKTOP-IIUD3CS:system:9001 with status UP (replication=false)
2021-12-25 10:34:52.479 INFO  c.netflix.eureka.registry.AbstractInstanceRegistry:266  [32m        [0;39m Registered instance SYSTEM/DESKTOP-IIUD3CS:system:9001 with status UP (replication=true)
2021-12-25 10:34:52.955 INFO  c.netflix.eureka.registry.AbstractInstanceRegistry:266  [32m        [0;39m Registered instance SYSTEM/DESKTOP-IIUD3CS:system:9001 with status DOWN (replication=false)
2021-12-25 10:34:53.491 INFO  c.netflix.eureka.registry.AbstractInstanceRegistry:266  [32m        [0;39m Registered instance SYSTEM/DESKTOP-IIUD3CS:system:9001 with status DOWN (replication=true)
2021-12-25 10:34:56.788 INFO  c.netflix.eureka.registry.AbstractInstanceRegistry:328  [32m        [0;39m Cancelled instance SYSTEM/DESKTOP-IIUD3CS:system:9001 (replication=false)
2021-12-25 10:34:57.227 INFO  c.netflix.eureka.registry.AbstractInstanceRegistry:266  [32m        [0;39m Registered instance GATEWAY/DESKTOP-IIUD3CS:gateway:9000 with status UP (replication=false)
2021-12-25 10:34:57.310 WARN  c.netflix.eureka.registry.AbstractInstanceRegistry:313  [32m        [0;39m DS: Registry: cancel failed because Lease is not registered for: SYSTEM/DESKTOP-IIUD3CS:system:9001
2021-12-25 10:34:57.311 INFO  com.netflix.eureka.resources.InstanceResource     :288  [32m        [0;39m Not Found (Cancel): SYSTEM - DESKTOP-IIUD3CS:system:9001
2021-12-25 10:34:57.312 INFO  c.netflix.eureka.registry.AbstractInstanceRegistry:266  [32m        [0;39m Registered instance GATEWAY/DESKTOP-IIUD3CS:gateway:9000 with status UP (replication=true)
2021-12-25 10:34:57.315 WARN  com.netflix.eureka.cluster.ReplicationTask        :35   [32m        [0;39m The replication of task SYSTEM/DESKTOP-IIUD3CS:system:9001:Cancel@localhost failed with response code 404
2021-12-25 10:34:57.315 WARN  com.netflix.eureka.cluster.PeerEurekaNode         :171  [32m        [0;39m SYSTEM/DESKTOP-IIUD3CS:system:9001:Cancel@localhost: missing entry.
2021-12-25 10:35:02.864 INFO  c.netflix.eureka.registry.AbstractInstanceRegistry:266  [32m        [0;39m Registered instance BUSINESS/DESKTOP-IIUD3CS:business:9002 with status UP (replication=false)
2021-12-25 10:35:03.390 INFO  c.netflix.eureka.registry.AbstractInstanceRegistry:266  [32m        [0;39m Registered instance BUSINESS/DESKTOP-IIUD3CS:business:9002 with status UP (replication=true)
2021-12-25 10:35:08.050 INFO  c.netflix.eureka.registry.AbstractInstanceRegistry:266  [32m        [0;39m Registered instance FILE/DESKTOP-IIUD3CS:file:9003 with status UP (replication=false)
2021-12-25 10:35:08.573 INFO  c.netflix.eureka.registry.AbstractInstanceRegistry:266  [32m        [0;39m Registered instance FILE/DESKTOP-IIUD3CS:file:9003 with status UP (replication=true)
2021-12-25 10:35:43.459 INFO  c.netflix.eureka.registry.AbstractInstanceRegistry:1247 [32m        [0;39m Running the evict task with compensationTime 13ms
2021-12-25 10:36:43.467 INFO  c.netflix.eureka.registry.AbstractInstanceRegistry:1247 [32m        [0;39m Running the evict task with compensationTime 7ms
2021-12-25 10:37:43.476 INFO  c.netflix.eureka.registry.AbstractInstanceRegistry:1247 [32m        [0;39m Running the evict task with compensationTime 9ms
2021-12-25 10:38:43.486 INFO  c.netflix.eureka.registry.AbstractInstanceRegistry:1247 [32m        [0;39m Running the evict task with compensationTime 10ms
2021-12-25 10:39:43.500 INFO  c.netflix.eureka.registry.AbstractInstanceRegistry:1247 [32m        [0;39m Running the evict task with compensationTime 14ms
2021-12-25 10:40:43.515 INFO  c.netflix.eureka.registry.AbstractInstanceRegistry:1247 [32m        [0;39m Running the evict task with compensationTime 14ms
2021-12-25 10:41:43.526 INFO  c.netflix.eureka.registry.AbstractInstanceRegistry:1247 [32m        [0;39m Running the evict task with compensationTime 10ms
2021-12-25 10:42:43.530 INFO  c.netflix.eureka.registry.AbstractInstanceRegistry:1247 [32m        [0;39m Running the evict task with compensationTime 4ms
2021-12-25 10:43:43.534 INFO  c.netflix.eureka.registry.AbstractInstanceRegistry:1247 [32m        [0;39m Running the evict task with compensationTime 3ms
2021-12-25 10:44:43.535 INFO  c.netflix.eureka.registry.AbstractInstanceRegistry:1247 [32m        [0;39m Running the evict task with compensationTime 1ms
2021-12-25 10:45:43.550 INFO  c.netflix.eureka.registry.AbstractInstanceRegistry:1247 [32m        [0;39m Running the evict task with compensationTime 14ms
2021-12-25 10:46:43.306 INFO  c.n.eureka.registry.PeerAwareInstanceRegistryImpl :552  [32m        [0;39m Current renewal threshold is : 6
2021-12-25 10:46:43.552 INFO  c.netflix.eureka.registry.AbstractInstanceRegistry:1247 [32m        [0;39m Running the evict task with compensationTime 2ms
2021-12-25 10:47:43.559 INFO  c.netflix.eureka.registry.AbstractInstanceRegistry:1247 [32m        [0;39m Running the evict task with compensationTime 6ms
2021-12-25 10:48:43.560 INFO  c.netflix.eureka.registry.AbstractInstanceRegistry:1247 [32m        [0;39m Running the evict task with compensationTime 1ms
2021-12-25 10:49:43.569 INFO  c.netflix.eureka.registry.AbstractInstanceRegistry:1247 [32m        [0;39m Running the evict task with compensationTime 8ms
2021-12-25 10:50:43.575 INFO  c.netflix.eureka.registry.AbstractInstanceRegistry:1247 [32m        [0;39m Running the evict task with compensationTime 6ms
2021-12-25 10:51:43.577 INFO  c.netflix.eureka.registry.AbstractInstanceRegistry:1247 [32m        [0;39m Running the evict task with compensationTime 1ms
2021-12-25 10:52:43.587 INFO  c.netflix.eureka.registry.AbstractInstanceRegistry:1247 [32m        [0;39m Running the evict task with compensationTime 10ms
2021-12-25 10:53:43.600 INFO  c.netflix.eureka.registry.AbstractInstanceRegistry:1247 [32m        [0;39m Running the evict task with compensationTime 12ms
2021-12-25 10:54:43.613 INFO  c.netflix.eureka.registry.AbstractInstanceRegistry:1247 [32m        [0;39m Running the evict task with compensationTime 12ms
2021-12-25 10:55:43.627 INFO  c.netflix.eureka.registry.AbstractInstanceRegistry:1247 [32m        [0;39m Running the evict task with compensationTime 14ms
2021-12-25 10:56:43.629 INFO  c.netflix.eureka.registry.AbstractInstanceRegistry:1247 [32m        [0;39m Running the evict task with compensationTime 2ms
2021-12-25 10:57:43.643 INFO  c.netflix.eureka.registry.AbstractInstanceRegistry:1247 [32m        [0;39m Running the evict task with compensationTime 14ms
2021-12-25 10:58:43.659 INFO  c.netflix.eureka.registry.AbstractInstanceRegistry:1247 [32m        [0;39m Running the evict task with compensationTime 15ms
2021-12-25 10:59:43.668 INFO  c.netflix.eureka.registry.AbstractInstanceRegistry:1247 [32m        [0;39m Running the evict task with compensationTime 9ms
2021-12-25 11:00:43.680 INFO  c.netflix.eureka.registry.AbstractInstanceRegistry:1247 [32m        [0;39m Running the evict task with compensationTime 11ms
2021-12-25 11:01:43.320 INFO  c.n.eureka.registry.PeerAwareInstanceRegistryImpl :552  [32m        [0;39m Current renewal threshold is : 6
2021-12-25 11:01:43.685 INFO  c.netflix.eureka.registry.AbstractInstanceRegistry:1247 [32m        [0;39m Running the evict task with compensationTime 5ms
2021-12-25 11:02:43.691 INFO  c.netflix.eureka.registry.AbstractInstanceRegistry:1247 [32m        [0;39m Running the evict task with compensationTime 5ms
2021-12-25 11:03:43.700 INFO  c.netflix.eureka.registry.AbstractInstanceRegistry:1247 [32m        [0;39m Running the evict task with compensationTime 8ms
2021-12-25 11:04:43.710 INFO  c.netflix.eureka.registry.AbstractInstanceRegistry:1247 [32m        [0;39m Running the evict task with compensationTime 9ms
2021-12-25 11:05:43.722 INFO  c.netflix.eureka.registry.AbstractInstanceRegistry:1247 [32m        [0;39m Running the evict task with compensationTime 12ms
2021-12-25 11:06:43.726 INFO  c.netflix.eureka.registry.AbstractInstanceRegistry:1247 [32m        [0;39m Running the evict task with compensationTime 4ms
2021-12-25 11:07:43.726 INFO  c.netflix.eureka.registry.AbstractInstanceRegistry:1247 [32m        [0;39m Running the evict task with compensationTime 0ms
2021-12-25 11:08:43.742 INFO  c.netflix.eureka.registry.AbstractInstanceRegistry:1247 [32m        [0;39m Running the evict task with compensationTime 15ms
2021-12-25 11:09:43.750 INFO  c.netflix.eureka.registry.AbstractInstanceRegistry:1247 [32m        [0;39m Running the evict task with compensationTime 8ms
2021-12-25 11:10:43.763 INFO  c.netflix.eureka.registry.AbstractInstanceRegistry:1247 [32m        [0;39m Running the evict task with compensationTime 12ms
2021-12-25 11:11:43.770 INFO  c.netflix.eureka.registry.AbstractInstanceRegistry:1247 [32m        [0;39m Running the evict task with compensationTime 7ms
2021-12-25 11:12:43.784 INFO  c.netflix.eureka.registry.AbstractInstanceRegistry:1247 [32m        [0;39m Running the evict task with compensationTime 13ms
2021-12-25 11:13:43.788 INFO  c.netflix.eureka.registry.AbstractInstanceRegistry:1247 [32m        [0;39m Running the evict task with compensationTime 4ms
2021-12-25 11:14:43.799 INFO  c.netflix.eureka.registry.AbstractInstanceRegistry:1247 [32m        [0;39m Running the evict task with compensationTime 10ms
2021-12-25 11:15:43.804 INFO  c.netflix.eureka.registry.AbstractInstanceRegistry:1247 [32m        [0;39m Running the evict task with compensationTime 5ms
2021-12-25 11:16:43.325 INFO  c.n.eureka.registry.PeerAwareInstanceRegistryImpl :552  [32m        [0;39m Current renewal threshold is : 6
2021-12-25 11:16:43.809 INFO  c.netflix.eureka.registry.AbstractInstanceRegistry:1247 [32m        [0;39m Running the evict task with compensationTime 4ms
2021-12-25 11:17:43.822 INFO  c.netflix.eureka.registry.AbstractInstanceRegistry:1247 [32m        [0;39m Running the evict task with compensationTime 13ms
2021-12-25 11:18:43.823 INFO  c.netflix.eureka.registry.AbstractInstanceRegistry:1247 [32m        [0;39m Running the evict task with compensationTime 1ms
2021-12-25 11:19:43.834 INFO  c.netflix.eureka.registry.AbstractInstanceRegistry:1247 [32m        [0;39m Running the evict task with compensationTime 10ms
2021-12-25 11:20:43.841 INFO  c.netflix.eureka.registry.AbstractInstanceRegistry:1247 [32m        [0;39m Running the evict task with compensationTime 6ms
2021-12-25 11:21:43.849 INFO  c.netflix.eureka.registry.AbstractInstanceRegistry:1247 [32m        [0;39m Running the evict task with compensationTime 8ms
2021-12-25 11:22:43.852 INFO  c.netflix.eureka.registry.AbstractInstanceRegistry:1247 [32m        [0;39m Running the evict task with compensationTime 2ms
2021-12-25 11:23:43.865 INFO  c.netflix.eureka.registry.AbstractInstanceRegistry:1247 [32m        [0;39m Running the evict task with compensationTime 12ms
2021-12-25 11:24:43.880 INFO  c.netflix.eureka.registry.AbstractInstanceRegistry:1247 [32m        [0;39m Running the evict task with compensationTime 15ms
2021-12-25 11:25:43.895 INFO  c.netflix.eureka.registry.AbstractInstanceRegistry:1247 [32m        [0;39m Running the evict task with compensationTime 14ms
2021-12-25 11:26:20.994 INFO  c.netflix.eureka.registry.AbstractInstanceRegistry:266  [32m        [0;39m Registered instance FILE/DESKTOP-IIUD3CS:file:9003 with status DOWN (replication=false)
2021-12-25 11:26:21.518 INFO  c.netflix.eureka.registry.AbstractInstanceRegistry:266  [32m        [0;39m Registered instance FILE/DESKTOP-IIUD3CS:file:9003 with status DOWN (replication=true)
2021-12-25 11:26:25.000 INFO  c.netflix.eureka.registry.AbstractInstanceRegistry:328  [32m        [0;39m Cancelled instance FILE/DESKTOP-IIUD3CS:file:9003 (replication=false)
2021-12-25 11:26:25.526 WARN  c.netflix.eureka.registry.AbstractInstanceRegistry:313  [32m        [0;39m DS: Registry: cancel failed because Lease is not registered for: FILE/DESKTOP-IIUD3CS:file:9003
2021-12-25 11:26:25.526 INFO  com.netflix.eureka.resources.InstanceResource     :288  [32m        [0;39m Not Found (Cancel): FILE - DESKTOP-IIUD3CS:file:9003
2021-12-25 11:26:25.527 WARN  com.netflix.eureka.cluster.ReplicationTask        :35   [32m        [0;39m The replication of task FILE/DESKTOP-IIUD3CS:file:9003:Cancel@localhost failed with response code 404
2021-12-25 11:26:25.527 WARN  com.netflix.eureka.cluster.PeerEurekaNode         :171  [32m        [0;39m FILE/DESKTOP-IIUD3CS:file:9003:Cancel@localhost: missing entry.
2021-12-25 11:26:28.145 INFO  c.netflix.eureka.registry.AbstractInstanceRegistry:266  [32m        [0;39m Registered instance FILE/DESKTOP-IIUD3CS:file:9003 with status UP (replication=false)
2021-12-25 11:26:28.669 INFO  c.netflix.eureka.registry.AbstractInstanceRegistry:266  [32m        [0;39m Registered instance FILE/DESKTOP-IIUD3CS:file:9003 with status UP (replication=true)
2021-12-25 11:26:43.900 INFO  c.netflix.eureka.registry.AbstractInstanceRegistry:1247 [32m        [0;39m Running the evict task with compensationTime 4ms
2021-12-25 11:27:43.904 INFO  c.netflix.eureka.registry.AbstractInstanceRegistry:1247 [32m        [0;39m Running the evict task with compensationTime 4ms
2021-12-25 11:28:43.911 INFO  c.netflix.eureka.registry.AbstractInstanceRegistry:1247 [32m        [0;39m Running the evict task with compensationTime 6ms
2021-12-25 11:29:43.923 INFO  c.netflix.eureka.registry.AbstractInstanceRegistry:1247 [32m        [0;39m Running the evict task with compensationTime 11ms
2021-12-25 11:30:43.930 INFO  c.netflix.eureka.registry.AbstractInstanceRegistry:1247 [32m        [0;39m Running the evict task with compensationTime 7ms
2021-12-25 11:31:43.330 INFO  c.n.eureka.registry.PeerAwareInstanceRegistryImpl :552  [32m        [0;39m Current renewal threshold is : 6
2021-12-25 11:31:43.938 INFO  c.netflix.eureka.registry.AbstractInstanceRegistry:1247 [32m        [0;39m Running the evict task with compensationTime 8ms
2021-12-25 11:32:43.944 INFO  c.netflix.eureka.registry.AbstractInstanceRegistry:1247 [32m        [0;39m Running the evict task with compensationTime 5ms
2021-12-25 11:33:43.958 INFO  c.netflix.eureka.registry.AbstractInstanceRegistry:1247 [32m        [0;39m Running the evict task with compensationTime 14ms
2021-12-25 11:34:43.963 INFO  c.netflix.eureka.registry.AbstractInstanceRegistry:1247 [32m        [0;39m Running the evict task with compensationTime 4ms
2021-12-25 11:35:43.969 INFO  c.netflix.eureka.registry.AbstractInstanceRegistry:1247 [32m        [0;39m Running the evict task with compensationTime 5ms
2021-12-25 11:36:43.983 INFO  c.netflix.eureka.registry.AbstractInstanceRegistry:1247 [32m        [0;39m Running the evict task with compensationTime 13ms
2021-12-25 11:37:43.997 INFO  c.netflix.eureka.registry.AbstractInstanceRegistry:1247 [32m        [0;39m Running the evict task with compensationTime 14ms
2021-12-25 11:38:44.006 INFO  c.netflix.eureka.registry.AbstractInstanceRegistry:1247 [32m        [0;39m Running the evict task with compensationTime 8ms
2021-12-25 11:39:44.018 INFO  c.netflix.eureka.registry.AbstractInstanceRegistry:1247 [32m        [0;39m Running the evict task with compensationTime 12ms
2021-12-25 11:40:44.025 INFO  c.netflix.eureka.registry.AbstractInstanceRegistry:1247 [32m        [0;39m Running the evict task with compensationTime 6ms
2021-12-25 11:41:44.036 INFO  c.netflix.eureka.registry.AbstractInstanceRegistry:1247 [32m        [0;39m Running the evict task with compensationTime 11ms
2021-12-25 11:42:44.044 INFO  c.netflix.eureka.registry.AbstractInstanceRegistry:1247 [32m        [0;39m Running the evict task with compensationTime 8ms
2021-12-25 11:43:44.049 INFO  c.netflix.eureka.registry.AbstractInstanceRegistry:1247 [32m        [0;39m Running the evict task with compensationTime 4ms
2021-12-25 11:44:44.064 INFO  c.netflix.eureka.registry.AbstractInstanceRegistry:1247 [32m        [0;39m Running the evict task with compensationTime 15ms
2021-12-25 11:45:44.076 INFO  c.netflix.eureka.registry.AbstractInstanceRegistry:1247 [32m        [0;39m Running the evict task with compensationTime 12ms
2021-12-25 11:46:43.330 INFO  c.n.eureka.registry.PeerAwareInstanceRegistryImpl :552  [32m        [0;39m Current renewal threshold is : 6
2021-12-25 11:46:44.088 INFO  c.netflix.eureka.registry.AbstractInstanceRegistry:1247 [32m        [0;39m Running the evict task with compensationTime 12ms
2021-12-25 11:47:44.093 INFO  c.netflix.eureka.registry.AbstractInstanceRegistry:1247 [32m        [0;39m Running the evict task with compensationTime 4ms
2021-12-25 11:48:44.095 INFO  c.netflix.eureka.registry.AbstractInstanceRegistry:1247 [32m        [0;39m Running the evict task with compensationTime 2ms
2021-12-25 11:49:44.106 INFO  c.netflix.eureka.registry.AbstractInstanceRegistry:1247 [32m        [0;39m Running the evict task with compensationTime 10ms
2021-12-25 11:50:44.115 INFO  c.netflix.eureka.registry.AbstractInstanceRegistry:1247 [32m        [0;39m Running the evict task with compensationTime 9ms
2021-12-25 11:51:44.130 INFO  c.netflix.eureka.registry.AbstractInstanceRegistry:1247 [32m        [0;39m Running the evict task with compensationTime 14ms
2021-12-25 11:52:44.134 INFO  c.netflix.eureka.registry.AbstractInstanceRegistry:1247 [32m        [0;39m Running the evict task with compensationTime 4ms
2021-12-25 11:53:44.140 INFO  c.netflix.eureka.registry.AbstractInstanceRegistry:1247 [32m        [0;39m Running the evict task with compensationTime 6ms
2021-12-25 11:54:27.550 INFO  c.netflix.eureka.registry.AbstractInstanceRegistry:266  [32m        [0;39m Registered instance BUSINESS/DESKTOP-IIUD3CS:business:9002 with status DOWN (replication=false)
2021-12-25 11:54:27.582 INFO  c.netflix.eureka.registry.AbstractInstanceRegistry:266  [32m        [0;39m Registered instance FILE/DESKTOP-IIUD3CS:file:9003 with status DOWN (replication=false)
2021-12-25 11:54:28.072 INFO  c.netflix.eureka.registry.AbstractInstanceRegistry:266  [32m        [0;39m Registered instance BUSINESS/DESKTOP-IIUD3CS:business:9002 with status DOWN (replication=true)
2021-12-25 11:54:28.073 INFO  c.netflix.eureka.registry.AbstractInstanceRegistry:266  [32m        [0;39m Registered instance FILE/DESKTOP-IIUD3CS:file:9003 with status DOWN (replication=true)
2021-12-25 11:54:31.145 INFO  c.netflix.eureka.registry.AbstractInstanceRegistry:328  [32m        [0;39m Cancelled instance BUSINESS/DESKTOP-IIUD3CS:business:9002 (replication=false)
2021-12-25 11:54:31.168 INFO  c.netflix.eureka.registry.AbstractInstanceRegistry:328  [32m        [0;39m Cancelled instance FILE/DESKTOP-IIUD3CS:file:9003 (replication=false)
2021-12-25 11:54:31.668 WARN  c.netflix.eureka.registry.AbstractInstanceRegistry:313  [32m        [0;39m DS: Registry: cancel failed because Lease is not registered for: BUSINESS/DESKTOP-IIUD3CS:business:9002
2021-12-25 11:54:31.669 INFO  com.netflix.eureka.resources.InstanceResource     :288  [32m        [0;39m Not Found (Cancel): BUSINESS - DESKTOP-IIUD3CS:business:9002
2021-12-25 11:54:31.669 WARN  c.netflix.eureka.registry.AbstractInstanceRegistry:313  [32m        [0;39m DS: Registry: cancel failed because Lease is not registered for: FILE/DESKTOP-IIUD3CS:file:9003
2021-12-25 11:54:31.669 INFO  com.netflix.eureka.resources.InstanceResource     :288  [32m        [0;39m Not Found (Cancel): FILE - DESKTOP-IIUD3CS:file:9003
2021-12-25 11:54:31.670 WARN  com.netflix.eureka.cluster.ReplicationTask        :35   [32m        [0;39m The replication of task BUSINESS/DESKTOP-IIUD3CS:business:9002:Cancel@localhost failed with response code 404
2021-12-25 11:54:31.670 WARN  com.netflix.eureka.cluster.PeerEurekaNode         :171  [32m        [0;39m BUSINESS/DESKTOP-IIUD3CS:business:9002:Cancel@localhost: missing entry.
2021-12-25 11:54:31.670 WARN  com.netflix.eureka.cluster.ReplicationTask        :35   [32m        [0;39m The replication of task FILE/DESKTOP-IIUD3CS:file:9003:Cancel@localhost failed with response code 404
2021-12-25 11:54:31.670 WARN  com.netflix.eureka.cluster.PeerEurekaNode         :171  [32m        [0;39m FILE/DESKTOP-IIUD3CS:file:9003:Cancel@localhost: missing entry.
2021-12-25 11:54:35.036 INFO  c.netflix.eureka.registry.AbstractInstanceRegistry:266  [32m        [0;39m Registered instance BUSINESS/DESKTOP-IIUD3CS:business:9002 with status UP (replication=false)
2021-12-25 11:54:35.066 INFO  c.netflix.eureka.registry.AbstractInstanceRegistry:266  [32m        [0;39m Registered instance FILE/DESKTOP-IIUD3CS:file:9003 with status UP (replication=false)
2021-12-25 11:54:35.560 INFO  c.netflix.eureka.registry.AbstractInstanceRegistry:266  [32m        [0;39m Registered instance BUSINESS/DESKTOP-IIUD3CS:business:9002 with status UP (replication=true)
2021-12-25 11:54:35.560 INFO  c.netflix.eureka.registry.AbstractInstanceRegistry:266  [32m        [0;39m Registered instance FILE/DESKTOP-IIUD3CS:file:9003 with status UP (replication=true)
2021-12-25 11:54:44.142 INFO  c.netflix.eureka.registry.AbstractInstanceRegistry:1247 [32m        [0;39m Running the evict task with compensationTime 2ms
2021-12-25 11:55:44.149 INFO  c.netflix.eureka.registry.AbstractInstanceRegistry:1247 [32m        [0;39m Running the evict task with compensationTime 6ms
2021-12-25 11:56:44.152 INFO  c.netflix.eureka.registry.AbstractInstanceRegistry:1247 [32m        [0;39m Running the evict task with compensationTime 2ms
2021-12-25 11:57:44.165 INFO  c.netflix.eureka.registry.AbstractInstanceRegistry:1247 [32m        [0;39m Running the evict task with compensationTime 13ms
2021-12-25 11:58:44.174 INFO  c.netflix.eureka.registry.AbstractInstanceRegistry:1247 [32m        [0;39m Running the evict task with compensationTime 8ms
2021-12-25 11:59:44.178 INFO  c.netflix.eureka.registry.AbstractInstanceRegistry:1247 [32m        [0;39m Running the evict task with compensationTime 4ms
2021-12-25 12:00:44.185 INFO  c.netflix.eureka.registry.AbstractInstanceRegistry:1247 [32m        [0;39m Running the evict task with compensationTime 6ms
2021-12-25 12:01:43.337 INFO  c.n.eureka.registry.PeerAwareInstanceRegistryImpl :552  [32m        [0;39m Current renewal threshold is : 6
2021-12-25 12:01:44.194 INFO  c.netflix.eureka.registry.AbstractInstanceRegistry:1247 [32m        [0;39m Running the evict task with compensationTime 8ms
2021-12-25 12:02:44.205 INFO  c.netflix.eureka.registry.AbstractInstanceRegistry:1247 [32m        [0;39m Running the evict task with compensationTime 11ms
