2021-12-17 00:02:48.852 INFO  c.n.d.shared.resolver.aws.ConfigClusterResolver   :43   [32m        [0;39m Resolving eureka endpoints via configuration
2021-12-17 00:06:19.108 INFO  club.kwcoder.server.config.LogAspect              :85   [32md6e2e96c[0;39m ------------- 【文件上传】操作开始 -------------
2021-12-17 00:06:19.109 INFO  club.kwcoder.server.config.LogAspect              :86   [32md6e2e96c[0;39m 请求地址: http://DESKTOP-IIUD3CS:9003/file/admin/upload POST
2021-12-17 00:06:19.109 INFO  club.kwcoder.server.config.LogAspect              :87   [32md6e2e96c[0;39m 类名方法: club.kwcoder.file.controller.admin.UploadController.upload
2021-12-17 00:06:19.110 INFO  club.kwcoder.server.config.LogAspect              :88   [32md6e2e96c[0;39m 远程地址: 192.168.245.1
2021-12-17 00:06:19.110 INFO  club.kwcoder.server.config.LogAspect              :106  [32md6e2e96c[0;39m 请求参数: [null]
2021-12-17 00:06:19.110 INFO  c.kwcoder.file.controller.admin.UploadController  :30   [32md6e2e96c[0;39m 上传文件开始：org.springframework.web.multipart.support.StandardMultipartHttpServletRequest$StandardMultipartFile@14056b7a
2021-12-17 00:06:19.111 INFO  c.kwcoder.file.controller.admin.UploadController  :31   [32md6e2e96c[0;39m 168AEAC40196359896F780F2E1104D99.png
2021-12-17 00:06:19.111 INFO  c.kwcoder.file.controller.admin.UploadController  :32   [32md6e2e96c[0;39m 54774
2021-12-17 00:06:19.112 INFO  c.kwcoder.file.controller.admin.UploadController  :39   [32md6e2e96c[0;39m C:\CODE\course\file_dir\teacher\4uYkzxjD-168AEAC40196359896F780F2E1104D99.png
2021-12-17 00:06:19.112 INFO  club.kwcoder.server.config.LogAspect              :118  [32md6e2e96c[0;39m 返回结果: {"code":"200","data":"http://127.0.0.1:9000/file/f/teacher/4uYkzxjD-168AEAC40196359896F780F2E1104D99.png","message":"上传成功","success":true}
2021-12-17 00:06:19.113 INFO  club.kwcoder.server.config.LogAspect              :119  [32md6e2e96c[0;39m ------------- 结束 耗时：5 ms -------------
2021-12-17 00:07:48.856 INFO  c.n.d.shared.resolver.aws.ConfigClusterResolver   :43   [32m        [0;39m Resolving eureka endpoints via configuration
2021-12-17 00:12:31.964 INFO  o.s.c.n.e.serviceregistry.EurekaServiceRegistry   :65   [32m        [0;39m Unregistering application FILE with eureka with status DOWN
2021-12-17 00:12:31.965 ERROR com.netflix.discovery.DiscoveryClient             :1353 [32m        [0;39m Saw local status change event StatusChangeEvent [timestamp=1639671151965, current=DOWN, previous=UP]
2021-12-17 00:12:31.966 INFO  com.netflix.discovery.DiscoveryClient             :873  [32m        [0;39m DiscoveryClient_FILE/DESKTOP-IIUD3CS:file:9003: registering service...
2021-12-17 00:12:31.977 INFO  com.netflix.discovery.DiscoveryClient             :882  [32m        [0;39m DiscoveryClient_FILE/DESKTOP-IIUD3CS:file:9003 - registration status: 204
2021-12-17 00:12:32.565 INFO  o.s.scheduling.concurrent.ThreadPoolTaskExecutor  :218  [32m        [0;39m Shutting down ExecutorService 'applicationTaskExecutor'
2021-12-17 00:12:32.566 INFO  com.netflix.discovery.DiscoveryClient             :935  [32m        [0;39m Shutting down DiscoveryClient ...
2021-12-17 00:12:35.571 INFO  com.netflix.discovery.DiscoveryClient             :971  [32m        [0;39m Unregistering ...
2021-12-17 00:12:35.587 INFO  com.netflix.discovery.DiscoveryClient             :973  [32m        [0;39m DiscoveryClient_FILE/DESKTOP-IIUD3CS:file:9003 - deregister  status: 200
2021-12-17 00:12:35.593 INFO  com.netflix.discovery.DiscoveryClient             :960  [32m        [0;39m Completed shut down of DiscoveryClient
2021-12-17 00:12:37.198 INFO  club.kwcoder.file.FileApplication                 :651  [32m        [0;39m No active profile set, falling back to default profiles: default
2021-12-17 00:12:37.588 INFO  o.springframework.cloud.context.scope.GenericScope:295  [32m        [0;39m BeanFactory id=1b245f65-80bb-3001-a722-8d943f1d332e
2021-12-17 00:12:37.755 INFO  o.s.boot.web.embedded.tomcat.TomcatWebServer      :108  [32m        [0;39m Tomcat initialized with port(s): 9003 (http)
2021-12-17 00:12:37.755 INFO  org.apache.coyote.http11.Http11NioProtocol        :173  [32m        [0;39m Initializing ProtocolHandler ["http-nio-9003"]
2021-12-17 00:12:37.755 INFO  org.apache.catalina.core.StandardService          :173  [32m        [0;39m Starting service [Tomcat]
2021-12-17 00:12:37.755 INFO  org.apache.catalina.core.StandardEngine           :173  [32m        [0;39m Starting Servlet engine: [Apache Tomcat/9.0.41]
2021-12-17 00:12:37.770 INFO  o.a.c.c.ContainerBase.[Tomcat].[localhost].[/file]:173  [32m        [0;39m Initializing Spring embedded WebApplicationContext
2021-12-17 00:12:37.770 INFO  o.s.b.w.s.c.ServletWebServerApplicationContext    :285  [32m        [0;39m Root WebApplicationContext: initialization completed in 569 ms
2021-12-17 00:12:37.923 WARN  com.netflix.config.sources.URLConfigurationSource :121  [32m        [0;39m No URLs will be polled as dynamic configuration sources.
2021-12-17 00:12:37.923 INFO  com.netflix.config.sources.URLConfigurationSource :122  [32m        [0;39m To enable URLs as dynamic configuration sources, define System property archaius.configurationSource.additionalUrls or make config.properties available on classpath.
2021-12-17 00:12:38.015 INFO  o.s.scheduling.concurrent.ThreadPoolTaskExecutor  :181  [32m        [0;39m Initializing ExecutorService 'applicationTaskExecutor'
2021-12-17 00:12:38.164 WARN  o.s.b.d.autoconfigure.OptionalLiveReloadServer    :61   [32m        [0;39m Unable to start LiveReload server
2021-12-17 00:12:38.536 INFO  o.s.c.n.e.c.DiscoveryClientOptionalArgsConfiguration:78   [32m        [0;39m Eureka HTTP Client uses Jersey
2021-12-17 00:12:38.937 WARN  o.s.c.l.c.BlockingLoadBalancerClientAutoConfiguration$BlockingLoadBalancerClientRibbonWarnLogger:108  [32m        [0;39m You already have RibbonLoadBalancerClient on your classpath. It will be used by default. As Spring Cloud Ribbon is in maintenance mode. We recommend switching to BlockingLoadBalancerClient instead. In order to use it, set the value of `spring.cloud.loadbalancer.ribbon.enabled` to `false` or remove spring-cloud-starter-netflix-ribbon from your project.
2021-12-17 00:12:38.973 INFO  o.s.cloud.netflix.eureka.InstanceInfoFactory      :72   [32m        [0;39m Setting initial instance status as: STARTING
2021-12-17 00:12:38.974 INFO  com.netflix.discovery.DiscoveryClient             :372  [32m        [0;39m Initializing Eureka in region us-east-1
2021-12-17 00:12:38.975 INFO  c.n.discovery.provider.DiscoveryJerseyProvider    :70   [32m        [0;39m Using JSON encoding codec LegacyJacksonJson
2021-12-17 00:12:38.975 INFO  c.n.discovery.provider.DiscoveryJerseyProvider    :71   [32m        [0;39m Using JSON decoding codec LegacyJacksonJson
2021-12-17 00:12:38.975 INFO  c.n.discovery.provider.DiscoveryJerseyProvider    :80   [32m        [0;39m Using XML encoding codec XStreamXml
2021-12-17 00:12:38.975 INFO  c.n.discovery.provider.DiscoveryJerseyProvider    :81   [32m        [0;39m Using XML decoding codec XStreamXml
2021-12-17 00:12:39.020 INFO  c.n.d.shared.resolver.aws.ConfigClusterResolver   :43   [32m        [0;39m Resolving eureka endpoints via configuration
2021-12-17 00:12:39.020 INFO  com.netflix.discovery.DiscoveryClient             :1007 [32m        [0;39m Disable delta property : false
2021-12-17 00:12:39.020 INFO  com.netflix.discovery.DiscoveryClient             :1008 [32m        [0;39m Single vip registry refresh property : null
2021-12-17 00:12:39.020 INFO  com.netflix.discovery.DiscoveryClient             :1009 [32m        [0;39m Force full registry fetch : false
2021-12-17 00:12:39.021 INFO  com.netflix.discovery.DiscoveryClient             :1010 [32m        [0;39m Application is null : false
2021-12-17 00:12:39.021 INFO  com.netflix.discovery.DiscoveryClient             :1011 [32m        [0;39m Registered Applications size is zero : true
2021-12-17 00:12:39.021 INFO  com.netflix.discovery.DiscoveryClient             :1013 [32m        [0;39m Application version is -1: true
2021-12-17 00:12:39.021 INFO  com.netflix.discovery.DiscoveryClient             :1097 [32m        [0;39m Getting all instance registry info from the eureka server
2021-12-17 00:12:39.023 INFO  com.netflix.discovery.DiscoveryClient             :1106 [32m        [0;39m The response status is 200
2021-12-17 00:12:39.023 INFO  com.netflix.discovery.DiscoveryClient             :1321 [32m        [0;39m Starting heartbeat executor: renew interval is: 30
2021-12-17 00:12:39.024 INFO  com.netflix.discovery.InstanceInfoReplicator      :60   [32m        [0;39m InstanceInfoReplicator onDemand update allowed rate per min is 4
2021-12-17 00:12:39.024 INFO  com.netflix.discovery.DiscoveryClient             :492  [32m        [0;39m Discovery Client initialized at timestamp 1639671159024 with initial instances count: 3
2021-12-17 00:12:39.029 INFO  o.s.c.n.e.serviceregistry.EurekaServiceRegistry   :41   [32m        [0;39m Registering application FILE with eureka with status UP
2021-12-17 00:12:39.029 INFO  com.netflix.discovery.DiscoveryClient             :1355 [32m        [0;39m Saw local status change event StatusChangeEvent [timestamp=1639671159029, current=UP, previous=STARTING]
2021-12-17 00:12:39.029 INFO  com.netflix.discovery.DiscoveryClient             :873  [32m        [0;39m DiscoveryClient_FILE/DESKTOP-IIUD3CS:file:9003: registering service...
2021-12-17 00:12:39.030 INFO  org.apache.coyote.http11.Http11NioProtocol        :173  [32m        [0;39m Starting ProtocolHandler ["http-nio-9003"]
2021-12-17 00:12:39.035 INFO  o.s.boot.web.embedded.tomcat.TomcatWebServer      :220  [32m        [0;39m Tomcat started on port(s): 9003 (http) with context path '/file'
2021-12-17 00:12:39.036 INFO  o.s.c.n.e.s.EurekaAutoServiceRegistration         :145  [32m        [0;39m Updating port to 9003
2021-12-17 00:12:39.045 INFO  com.netflix.discovery.DiscoveryClient             :882  [32m        [0;39m DiscoveryClient_FILE/DESKTOP-IIUD3CS:file:9003 - registration status: 204
2021-12-17 00:12:39.394 INFO  club.kwcoder.file.FileApplication                 :61   [32m        [0;39m Started FileApplication in 3.454 seconds (JVM running for 6433.581)
2021-12-17 00:12:39.395 INFO  o.s.b.d.a.ConditionEvaluationDeltaLoggingListener :63   [32m        [0;39m Condition evaluation unchanged
2021-12-17 00:12:39.395 INFO  club.kwcoder.file.FileApplication                 :25   [32m        [0;39m 启动成功！！！
2021-12-17 00:12:39.395 INFO  club.kwcoder.file.FileApplication                 :26   [32m        [0;39m File地址：	http://127.0.0.1:9003
2021-12-17 00:12:46.698 INFO  o.a.c.c.ContainerBase.[Tomcat].[localhost].[/file]:173  [32m        [0;39m Initializing Spring DispatcherServlet 'dispatcherServlet'
2021-12-17 00:12:46.699 INFO  org.springframework.web.servlet.DispatcherServlet :525  [32m        [0;39m Initializing Servlet 'dispatcherServlet'
2021-12-17 00:12:46.705 INFO  org.springframework.web.servlet.DispatcherServlet :547  [32m        [0;39m Completed initialization in 6 ms
2021-12-17 00:14:19.128 INFO  club.kwcoder.server.config.LogAspect              :85   [32m53ec5e5d[0;39m ------------- 【文件上传】操作开始 -------------
2021-12-17 00:14:19.129 INFO  club.kwcoder.server.config.LogAspect              :86   [32m53ec5e5d[0;39m 请求地址: http://DESKTOP-IIUD3CS:9003/file/admin/upload POST
2021-12-17 00:14:19.129 INFO  club.kwcoder.server.config.LogAspect              :87   [32m53ec5e5d[0;39m 类名方法: club.kwcoder.file.controller.admin.UploadController.upload
2021-12-17 00:14:19.129 INFO  club.kwcoder.server.config.LogAspect              :88   [32m53ec5e5d[0;39m 远程地址: 192.168.245.1
2021-12-17 00:14:19.130 INFO  club.kwcoder.server.config.LogAspect              :106  [32m53ec5e5d[0;39m 请求参数: [null]
2021-12-17 00:14:19.132 INFO  c.kwcoder.file.controller.admin.UploadController  :37   [32m53ec5e5d[0;39m 上传文件开始：org.springframework.web.multipart.support.StandardMultipartHttpServletRequest$StandardMultipartFile@69eeff54
2021-12-17 00:14:19.133 INFO  c.kwcoder.file.controller.admin.UploadController  :38   [32m53ec5e5d[0;39m 168AEAC40196359896F780F2E1104D99.png
2021-12-17 00:14:19.133 INFO  c.kwcoder.file.controller.admin.UploadController  :39   [32m53ec5e5d[0;39m 54774
2021-12-17 00:14:19.134 INFO  c.kwcoder.file.controller.admin.UploadController  :46   [32m53ec5e5d[0;39m C:\CODE\course\file_dir\teacher\NZzCykby-168AEAC40196359896F780F2E1104D99.png
2021-12-17 00:14:19.137 INFO  club.kwcoder.server.config.LogAspect              :118  [32m53ec5e5d[0;39m 返回结果: {"code":"200","data":"http://127.0.0.1:9000/file/f/teacher/NZzCykby-168AEAC40196359896F780F2E1104D99.png","message":"上传成功","success":true}
2021-12-17 00:14:19.138 INFO  club.kwcoder.server.config.LogAspect              :119  [32m53ec5e5d[0;39m ------------- 结束 耗时：9 ms -------------
